# JRE version: Java(TM) SE Runtime Environment (21.0.6+8) (build 21.0.6+8-LTS-188)
# Java VM: Java HotSpot(TM) 64-Bit Server VM (21.0.6+8-LTS-188, mixed mode, sharing, tiered, compressed oops, compressed class ptrs, g1 gc, windows-amd64)
GC Precious Log:
 CardTable entry size: 512
 Card Set container configuration: InlinePtr #cards 5 size 8 Array Of Cards #cards 12 size 40 Howl #buckets 4 coarsen threshold 1843 Howl Bitmap #cards 512 size 80 coarsen threshold 460 Card regions per heap region 1 cards per card region 2048
 CPUs: 8 total, 8 available
 Memory: 7834M
 Large Page Support: Disabled
 NUMA Support: Disabled
 Compressed Oops: Enabled (32-bit)
 Heap Region Size: 1M
 Heap Min Capacity: 8M
 Heap Initial Capacity: 124M
 Heap Max Capacity: 1960M
 Pre-touch: Disabled
 Parallel Workers: 8
 Concurrent Workers: 2
 Concurrent Refinement Workers: 8
 Periodic GC: Disabled
Heap:
 garbage-first heap   total 129024K, used 53499K [0x0000000085800000, 0x0000000100000000)
  region size 1024K, 3 young (3072K), 3 survivors (3072K)
 Metaspace       used 75915K, committed 76608K, reserved 1179648K
  class space    used 10419K, committed 10752K, reserved 1048576K
GC Heap History (20 events):
Event: 5.642 GC heap after
{Heap after GC invocations=13 (full 0):
 garbage-first heap   total 58368K, used 31154K [0x0000000085800000, 0x0000000100000000)
  region size 1024K, 3 young (3072K), 3 survivors (3072K)
 Metaspace       used 50287K, committed 50944K, reserved 1114112K
  class space    used 6582K, committed 6912K, reserved 1048576K
}
Event: 6.053 GC heap before
{Heap before GC invocations=14 (full 0):
 garbage-first heap   total 58368K, used 50610K [0x0000000085800000, 0x0000000100000000)
  region size 1024K, 22 young (22528K), 3 survivors (3072K)
 Metaspace       used 54390K, committed 55040K, reserved 1114112K
  class space    used 7090K, committed 7360K, reserved 1048576K
}
Event: 6.057 GC heap after
{Heap after GC invocations=15 (full 0):
 garbage-first heap   total 70656K, used 33091K [0x0000000085800000, 0x0000000100000000)
  region size 1024K, 2 young (2048K), 2 survivors (2048K)
 Metaspace       used 54390K, committed 55040K, reserved 1114112K
  class space    used 7090K, committed 7360K, reserved 1048576K
}
Event: 6.644 GC heap before
{Heap before GC invocations=15 (full 0):
 garbage-first heap   total 70656K, used 60739K [0x0000000085800000, 0x0000000100000000)
  region size 1024K, 30 young (30720K), 2 survivors (2048K)
 Metaspace       used 61658K, committed 62336K, reserved 1114112K
  class space    used 8204K, committed 8512K, reserved 1048576K
}
Event: 6.647 GC heap after
{Heap after GC invocations=16 (full 0):
 garbage-first heap   total 70656K, used 33947K [0x0000000085800000, 0x0000000100000000)
  region size 1024K, 3 young (3072K), 3 survivors (3072K)
 Metaspace       used 61658K, committed 62336K, reserved 1114112K
  class space    used 8204K, committed 8512K, reserved 1048576K
}
Event: 7.017 GC heap before
{Heap before GC invocations=16 (full 0):
 garbage-first heap   total 70656K, used 62619K [0x0000000085800000, 0x0000000100000000)
  region size 1024K, 31 young (31744K), 3 survivors (3072K)
 Metaspace       used 65664K, committed 66368K, reserved 1114112K
  class space    used 8767K, committed 9088K, reserved 1048576K
}
Event: 7.020 GC heap after
{Heap after GC invocations=17 (full 0):
 garbage-first heap   total 70656K, used 34857K [0x0000000085800000, 0x0000000100000000)
  region size 1024K, 3 young (3072K), 3 survivors (3072K)
 Metaspace       used 65664K, committed 66368K, reserved 1114112K
  class space    used 8767K, committed 9088K, reserved 1048576K
}
Event: 7.493 GC heap before
{Heap before GC invocations=17 (full 0):
 garbage-first heap   total 70656K, used 62505K [0x0000000085800000, 0x0000000100000000)
  region size 1024K, 30 young (30720K), 3 survivors (3072K)
 Metaspace       used 69904K, committed 70528K, reserved 1114112K
  class space    used 9311K, committed 9600K, reserved 1048576K
}
Event: 7.497 GC heap after
{Heap after GC invocations=18 (full 0):
 garbage-first heap   total 70656K, used 37539K [0x0000000085800000, 0x0000000100000000)
  region size 1024K, 4 young (4096K), 4 survivors (4096K)
 Metaspace       used 69904K, committed 70528K, reserved 1114112K
  class space    used 9311K, committed 9600K, reserved 1048576K
}
Event: 7.981 GC heap before
{Heap before GC invocations=19 (full 0):
 garbage-first heap   total 70656K, used 62115K [0x0000000085800000, 0x0000000100000000)
  region size 1024K, 28 young (28672K), 4 survivors (4096K)
 Metaspace       used 72550K, committed 73216K, reserved 1114112K
  class space    used 9851K, committed 10176K, reserved 1048576K
}
Event: 7.985 GC heap after
{Heap after GC invocations=20 (full 0):
 garbage-first heap   total 70656K, used 39685K [0x0000000085800000, 0x0000000100000000)
  region size 1024K, 3 young (3072K), 3 survivors (3072K)
 Metaspace       used 72550K, committed 73216K, reserved 1114112K
  class space    used 9851K, committed 10176K, reserved 1048576K
}
Event: 8.114 GC heap before
{Heap before GC invocations=20 (full 0):
 garbage-first heap   total 70656K, used 62213K [0x0000000085800000, 0x0000000100000000)
  region size 1024K, 25 young (25600K), 3 survivors (3072K)
 Metaspace       used 72621K, committed 73280K, reserved 1114112K
  class space    used 9858K, committed 10176K, reserved 1048576K
}
Event: 8.119 GC heap after
{Heap after GC invocations=21 (full 0):
 garbage-first heap   total 70656K, used 41556K [0x0000000085800000, 0x0000000100000000)
  region size 1024K, 4 young (4096K), 4 survivors (4096K)
 Metaspace       used 72621K, committed 73280K, reserved 1114112K
  class space    used 9858K, committed 10176K, reserved 1048576K
}
Event: 8.403 GC heap before
{Heap before GC invocations=21 (full 0):
 garbage-first heap   total 70656K, used 61012K [0x0000000085800000, 0x0000000100000000)
  region size 1024K, 24 young (24576K), 4 survivors (4096K)
 Metaspace       used 74410K, committed 75072K, reserved 1114112K
  class space    used 10232K, committed 10560K, reserved 1048576K
}
Event: 8.409 GC heap after
{Heap after GC invocations=22 (full 0):
 garbage-first heap   total 72704K, used 48034K [0x0000000085800000, 0x0000000100000000)
  region size 1024K, 3 young (3072K), 3 survivors (3072K)
 Metaspace       used 74410K, committed 75072K, reserved 1114112K
  class space    used 10232K, committed 10560K, reserved 1048576K
}
Event: 8.483 GC heap before
{Heap before GC invocations=23 (full 0):
 garbage-first heap   total 92160K, used 63394K [0x0000000085800000, 0x0000000100000000)
  region size 1024K, 18 young (18432K), 3 survivors (3072K)
 Metaspace       used 74419K, committed 75136K, reserved 1114112K
  class space    used 10232K, committed 10560K, reserved 1048576K
}
Event: 8.486 GC heap after
{Heap after GC invocations=24 (full 0):
 garbage-first heap   total 92160K, used 50694K [0x0000000085800000, 0x0000000100000000)
  region size 1024K, 3 young (3072K), 3 survivors (3072K)
 Metaspace       used 74419K, committed 75136K, reserved 1114112K
  class space    used 10232K, committed 10560K, reserved 1048576K
}
Event: 8.559 GC heap before
{Heap before GC invocations=24 (full 0):
 garbage-first heap   total 92160K, used 76294K [0x0000000085800000, 0x0000000100000000)
  region size 1024K, 28 young (28672K), 3 survivors (3072K)
 Metaspace       used 74430K, committed 75136K, reserved 1114112K
  class space    used 10232K, committed 10560K, reserved 1048576K
}
Event: 8.563 GC heap after
{Heap after GC invocations=25 (full 0):
 garbage-first heap   total 92160K, used 53708K [0x0000000085800000, 0x0000000100000000)
  region size 1024K, 4 young (4096K), 4 survivors (4096K)
 Metaspace       used 74430K, committed 75136K, reserved 1114112K
  class space    used 10232K, committed 10560K, reserved 1048576K
}
Event: 8.724 GC heap before
{Heap before GC invocations=25 (full 0):
 garbage-first heap   total 92160K, used 77260K [0x0000000085800000, 0x0000000100000000)
  region size 1024K, 28 young (28672K), 4 survivors (4096K)
 Metaspace       used 75915K, committed 76608K, reserved 1179648K
  class space    used 10419K, committed 10752K, reserved 1048576K
}

